<?xml version="1.0" encoding="UTF-8"?>
<!-- Generated by org.testng.reporters.JUnitReportReporter -->
<testsuite hostname="24LAP5CD019C4JP" failures="0" tests="6" name="section16.day3" time="0.019" errors="0" timestamp="2023-05-23T09:24:47 PET" skipped="1">
  <testcase classname="section16.day3" name="MobilesignoutcarLoan" time="0.002"/>
  <system-out/>
  <testcase classname="section16.day3" name="MobilesignoutcarLoan" time="0.001"/>
  <system-out/>
  <testcase classname="section16.day3" name="MobileLogincarLoan" time="0.009"/>
  <system-out/>
  <testcase classname="section16.day3" name="MobilesignoutcarLoan" time="0.004"/>
  <system-out/>
  <testcase classname="section16.day3" name="WebloginCarLoan" time="0.003"/>
  <system-out/>
  <testcase classname="section16.day3" name="MobilesignimcarLoan">
    <skipped/>
  </testcase> <!-- MobilesignimcarLoan -->
  <system-out/>
</testsuite> <!-- section16.day3 -->
