<?xml version="1.0" encoding="UTF-8"?>
<!-- Generated by org.testng.reporters.JUnitReportReporter -->
<testsuite hostname="24LAP5CD019C4JP" failures="0" tests="1" name="section14.test2" time="0.001" errors="0" timestamp="2023-05-11T22:42:49 PET" skipped="0">
  <testcase classname="section14.test2" name="streamFilter" time="0.001"/>
  <system-out/>
</testsuite> <!-- section14.test2 -->
