<?xml version="1.0" encoding="UTF-8"?>
<!-- Generated by org.testng.reporters.JUnitReportReporter -->
<testsuite hostname="24LAP5CD019C4JP" failures="0" tests="1" name="section17.PS1" time="0.007" errors="0" timestamp="2023-05-17T22:03:39 PET" skipped="0">
  <testcase classname="section17.PS1" name="testRun" time="0.007"/>
  <system-out/>
</testsuite> <!-- section17.PS1 -->
