<?xml version="1.0" encoding="UTF-8"?>
<!-- Generated by org.testng.reporters.JUnitReportReporter -->
<testsuite hostname="24LAP5CD019C4JP" failures="0" tests="1" name="section16.day2" time="0.001" errors="0" timestamp="2023-05-23T09:24:47 PET" skipped="0">
  <testcase classname="section16.day2" name="ploan" time="0.001"/>
  <system-out/>
</testsuite> <!-- section16.day2 -->
