<?xml version="1.0" encoding="UTF-8"?>
<!-- Generated by org.testng.reporters.JUnitReportReporter -->
<testsuite hostname="24LAP5CD019C4JP" failures="0" tests="3" name="section16.day4" time="0.007" errors="0" timestamp="2023-05-23T09:24:47 PET" skipped="0">
  <testcase classname="section16.day4" name="WebloginHomeLoan" time="0.002"/>
  <system-out/>
  <testcase classname="section16.day4" name="LoginAPIHomeLoan" time="0.002"/>
  <system-out/>
  <testcase classname="section16.day4" name="MobileLoginHomeLoan" time="0.003"/>
  <system-out/>
</testsuite> <!-- section16.day4 -->
